Java HotSpot(TM) 64-Bit Server VM warning: ignoring option MaxPermSize=350m; support was removed in 8.0
log4j:WARN No appenders could be found for logger (io.netty.util.internal.logging.InternalLoggerFactory).
log4j:WARN Please initialize the log4j system properly.
log4j:WARN See http://logging.apache.org/log4j/1.2/faq.html#noconfig for more info.
[   5032]  ERROR -    #com.intellij.lang.Language - Language with ID 'Markdown' is already registered: class net.nicoulaj.idea.markdown.MarkdownLanguage 
java.lang.Throwable
	at com.intellij.openapi.diagnostic.Logger.error(Logger.java:115)
	at com.intellij.lang.Language.<init>(Language.java:87)
	at com.intellij.lang.Language.<init>(Language.java:72)
	at org.intellij.plugins.markdown.lang.MarkdownLanguage.<init>(MarkdownLanguage.java:25)
	at org.intellij.plugins.markdown.lang.MarkdownLanguage.<clinit>(MarkdownLanguage.java:22)
	at org.intellij.plugins.markdown.lang.MarkdownFileType.<init>(MarkdownFileType.java:30)
	at org.intellij.plugins.markdown.lang.MarkdownFileType.<clinit>(MarkdownFileType.java:27)
	at org.intellij.plugins.markdown.lang.MarkdownFileTypeFactory.createFileTypes(MarkdownFileTypeFactory.java:25)
	at com.intellij.openapi.fileTypes.impl.FileTypeManagerImpl.initStandardFileTypes(FileTypeManagerImpl.java:287)
	at com.intellij.openapi.fileTypes.impl.FileTypeManagerImpl.<init>(FileTypeManagerImpl.java:247)
	at sun.reflect.NativeConstructorAccessorImpl.newInstance0(Native Method)
	at sun.reflect.NativeConstructorAccessorImpl.newInstance(NativeConstructorAccessorImpl.java:62)
	at sun.reflect.DelegatingConstructorAccessorImpl.newInstance(DelegatingConstructorAccessorImpl.java:45)
	at java.lang.reflect.Constructor.newInstance(Constructor.java:423)
	at org.picocontainer.defaults.InstantiatingComponentAdapter.newInstance(InstantiatingComponentAdapter.java:193)
	at org.picocontainer.defaults.ConstructorInjectionComponentAdapter$1.run(ConstructorInjectionComponentAdapter.java:220)
	at org.picocontainer.defaults.ThreadLocalCyclicDependencyGuard.observe(ThreadLocalCyclicDependencyGuard.java:53)
	at org.picocontainer.defaults.ConstructorInjectionComponentAdapter.getComponentInstance(ConstructorInjectionComponentAdapter.java:248)
	at com.intellij.util.pico.ConstructorInjectionComponentAdapter.getComponentInstance(ConstructorInjectionComponentAdapter.java:59)
	at com.intellij.openapi.components.impl.ComponentManagerImpl$ComponentConfigComponentAdapter.getComponentInstance(ComponentManagerImpl.java:495)
	at com.intellij.openapi.components.impl.ComponentManagerImpl.createComponents(ComponentManagerImpl.java:123)
	at com.intellij.openapi.application.impl.ApplicationImpl.access$801(ApplicationImpl.java:91)
	at com.intellij.openapi.application.impl.ApplicationImpl$12.run(ApplicationImpl.java:497)
	at com.intellij.openapi.progress.impl.CoreProgressManager$2.run(CoreProgressManager.java:142)
	at com.intellij.openapi.progress.impl.CoreProgressManager.a(CoreProgressManager.java:446)
	at com.intellij.openapi.progress.impl.CoreProgressManager.executeProcessUnderProgress(CoreProgressManager.java:392)
	at com.intellij.openapi.progress.impl.ProgressManagerImpl.executeProcessUnderProgress(ProgressManagerImpl.java:54)
	at com.intellij.openapi.progress.impl.CoreProgressManager.runProcess(CoreProgressManager.java:127)
	at com.intellij.openapi.application.impl.ApplicationImpl.createComponents(ApplicationImpl.java:512)
	at com.intellij.openapi.components.impl.ComponentManagerImpl.init(ComponentManagerImpl.java:107)
	at com.intellij.openapi.application.impl.ApplicationImpl.load(ApplicationImpl.java:455)
	at com.intellij.openapi.application.impl.ApplicationImpl.load(ApplicationImpl.java:447)
	at com.intellij.idea.IdeaApplication.run(IdeaApplication.java:194)
	at sun.reflect.NativeMethodAccessorImpl.invoke0(Native Method)
	at sun.reflect.NativeMethodAccessorImpl.invoke(NativeMethodAccessorImpl.java:62)
	at sun.reflect.DelegatingMethodAccessorImpl.invoke(DelegatingMethodAccessorImpl.java:43)
	at java.lang.reflect.Method.invoke(Method.java:498)
	at com.intellij.idea.MainImpl$1$1$1.run(MainImpl.java:60)
	at java.awt.event.InvocationEvent.dispatch(InvocationEvent.java:311)
	at java.awt.EventQueue.dispatchEventImpl(EventQueue.java:756)
	at java.awt.EventQueue.access$500(EventQueue.java:97)
	at java.awt.EventQueue$3.run(EventQueue.java:709)
	at java.awt.EventQueue$3.run(EventQueue.java:703)
	at java.security.AccessController.doPrivileged(Native Method)
	at java.security.ProtectionDomain$JavaSecurityAccessImpl.doIntersectionPrivilege(ProtectionDomain.java:76)
	at java.awt.EventQueue.dispatchEvent(EventQueue.java:726)
	at com.intellij.ide.IdeEventQueue.dispatchEvent(IdeEventQueue.java:361)
	at java.awt.EventDispatchThread.pumpOneEventForFilters(EventDispatchThread.java:201)
	at java.awt.EventDispatchThread.pumpEventsForFilter(EventDispatchThread.java:116)
	at java.awt.EventDispatchThread.pumpEventsForHierarchy(EventDispatchThread.java:105)
	at java.awt.EventDispatchThread.pumpEvents(EventDispatchThread.java:101)
	at java.awt.EventDispatchThread.pumpEvents(EventDispatchThread.java:93)
	at java.awt.EventDispatchThread.run(EventDispatchThread.java:82)
[   5033]  ERROR -    #com.intellij.lang.Language - IntelliJ IDEA 15.0.4  Build #IU-143.2287.1 
[   5033]  ERROR -    #com.intellij.lang.Language - JDK: 1.8.0_74 
[   5033]  ERROR -    #com.intellij.lang.Language - VM: Java HotSpot(TM) 64-Bit Server VM 
[   5033]  ERROR -    #com.intellij.lang.Language - Vendor: Oracle Corporation 
[   5033]  ERROR -    #com.intellij.lang.Language - OS: Linux 
